-------------------------------------------------------------------------------
Test set: TestSuite
-------------------------------------------------------------------------------
Tests run: 2, Failures: 1, Errors: 0, Skipped: 1, Time elapsed: 1.912 s <<< FAILURE! - in TestSuite
setUp(com.qa.testcases.WalletHubTestCases)  Time elapsed: 0.515 s  <<< FAILURE!
java.lang.NullPointerException: Cannot invoke "org.openqa.selenium.SearchContext.findElement(org.openqa.selenium.By)" because "this.searchContext" is null
	at com.qa.testcases.WalletHubTestCases.setUp(WalletHubTestCases.java:30)

